[0.150s] DEBUG:colcon:Command line arguments: ['/usr/bin/colcon', 'build']
[0.150s] DEBUG:colcon:Parsed command line arguments: Namespace(log_base=None, log_level=None, verb_name='build', build_base='build', install_base='install', merge_install=False, symlink_install=False, test_result_base=None, continue_on_error=False, executor='parallel', parallel_workers=14, event_handlers=None, ignore_user_meta=False, metas=['./colcon.meta'], base_paths=['.'], packages_ignore=None, packages_ignore_regex=None, paths=None, packages_up_to=None, packages_up_to_regex=None, packages_above=None, packages_above_and_dependencies=None, packages_above_depth=None, packages_select_by_dep=None, packages_skip_by_dep=None, packages_skip_up_to=None, packages_select_build_failed=False, packages_skip_build_finished=False, packages_select_test_failures=False, packages_skip_test_passed=False, packages_select=None, packages_skip=None, packages_select_regex=None, packages_skip_regex=None, packages_start=None, packages_end=None, allow_overriding=[], cmake_args=None, cmake_target=None, cmake_target_skip_unavailable=False, cmake_clean_cache=False, cmake_clean_first=False, cmake_force_configure=False, ament_cmake_args=None, catkin_cmake_args=None, catkin_skip_building_tests=False, mixin_files=None, mixin=None, verb_parser=<colcon_mixin.mixin.mixin_argument.MixinArgumentDecorator object at 0x75eaae159f90>, verb_extension=<colcon_core.verb.build.BuildVerb object at 0x75eaae159ae0>, main=<bound method BuildVerb.main of <colcon_core.verb.build.BuildVerb object at 0x75eaae159ae0>>, mixin_verb=('build',))
[0.311s] Level 1:colcon.colcon_core.package_discovery:discover_packages(colcon_meta) check parameters
[0.311s] Level 1:colcon.colcon_core.package_discovery:discover_packages(recursive) check parameters
[0.311s] Level 1:colcon.colcon_core.package_discovery:discover_packages(ignore) check parameters
[0.311s] Level 1:colcon.colcon_core.package_discovery:discover_packages(path) check parameters
[0.311s] Level 1:colcon.colcon_core.package_discovery:discover_packages(colcon_meta) discover
[0.311s] Level 1:colcon.colcon_core.package_discovery:discover_packages(recursive) discover
[0.311s] INFO:colcon.colcon_core.package_discovery:Crawling recursively for packages in '/home/son6966/Desktop/AML/Ros2_tutorial/URDF_tutorial'
[0.311s] Level 1:colcon.colcon_core.package_identification:_identify(.) by extensions ['ignore', 'ignore_ament_install']
[0.311s] Level 1:colcon.colcon_core.package_identification:_identify(.) by extension 'ignore'
[0.311s] Level 1:colcon.colcon_core.package_identification:_identify(.) by extension 'ignore_ament_install'
[0.311s] Level 1:colcon.colcon_core.package_identification:_identify(.) by extensions ['colcon_pkg']
[0.311s] Level 1:colcon.colcon_core.package_identification:_identify(.) by extension 'colcon_pkg'
[0.311s] Level 1:colcon.colcon_core.package_identification:_identify(.) by extensions ['colcon_meta']
[0.311s] Level 1:colcon.colcon_core.package_identification:_identify(.) by extension 'colcon_meta'
[0.311s] Level 1:colcon.colcon_core.package_identification:_identify(.) by extensions ['ros']
[0.311s] Level 1:colcon.colcon_core.package_identification:_identify(.) by extension 'ros'
[0.319s] Level 1:colcon.colcon_core.package_identification:_identify(.) by extensions ['cmake', 'python']
[0.319s] Level 1:colcon.colcon_core.package_identification:_identify(.) by extension 'cmake'
[0.319s] Level 1:colcon.colcon_core.package_identification:_identify(.) by extension 'python'
[0.319s] Level 1:colcon.colcon_core.package_identification:_identify(.) by extensions ['python_setup_py']
[0.319s] Level 1:colcon.colcon_core.package_identification:_identify(.) by extension 'python_setup_py'
[0.320s] Level 1:colcon.colcon_core.package_identification:_identify(build) by extensions ['ignore', 'ignore_ament_install']
[0.320s] Level 1:colcon.colcon_core.package_identification:_identify(build) by extension 'ignore'
[0.320s] Level 1:colcon.colcon_core.package_identification:_identify(build) ignored
[0.320s] Level 1:colcon.colcon_core.package_identification:_identify(install) by extensions ['ignore', 'ignore_ament_install']
[0.320s] Level 1:colcon.colcon_core.package_identification:_identify(install) by extension 'ignore'
[0.320s] Level 1:colcon.colcon_core.package_identification:_identify(install) ignored
[0.320s] Level 1:colcon.colcon_core.package_identification:_identify(log) by extensions ['ignore', 'ignore_ament_install']
[0.320s] Level 1:colcon.colcon_core.package_identification:_identify(log) by extension 'ignore'
[0.320s] Level 1:colcon.colcon_core.package_identification:_identify(log) ignored
[0.320s] Level 1:colcon.colcon_core.package_identification:_identify(src) by extensions ['ignore', 'ignore_ament_install']
[0.320s] Level 1:colcon.colcon_core.package_identification:_identify(src) by extension 'ignore'
[0.320s] Level 1:colcon.colcon_core.package_identification:_identify(src) by extension 'ignore_ament_install'
[0.320s] Level 1:colcon.colcon_core.package_identification:_identify(src) by extensions ['colcon_pkg']
[0.320s] Level 1:colcon.colcon_core.package_identification:_identify(src) by extension 'colcon_pkg'
[0.320s] Level 1:colcon.colcon_core.package_identification:_identify(src) by extensions ['colcon_meta']
[0.320s] Level 1:colcon.colcon_core.package_identification:_identify(src) by extension 'colcon_meta'
[0.320s] Level 1:colcon.colcon_core.package_identification:_identify(src) by extensions ['ros']
[0.320s] Level 1:colcon.colcon_core.package_identification:_identify(src) by extension 'ros'
[0.320s] Level 1:colcon.colcon_core.package_identification:_identify(src) by extensions ['cmake', 'python']
[0.320s] Level 1:colcon.colcon_core.package_identification:_identify(src) by extension 'cmake'
[0.320s] Level 1:colcon.colcon_core.package_identification:_identify(src) by extension 'python'
[0.320s] Level 1:colcon.colcon_core.package_identification:_identify(src) by extensions ['python_setup_py']
[0.320s] Level 1:colcon.colcon_core.package_identification:_identify(src) by extension 'python_setup_py'
[0.321s] Level 1:colcon.colcon_core.package_identification:_identify(src/urdf) by extensions ['ignore', 'ignore_ament_install']
[0.321s] Level 1:colcon.colcon_core.package_identification:_identify(src/urdf) by extension 'ignore'
[0.321s] Level 1:colcon.colcon_core.package_identification:_identify(src/urdf) by extension 'ignore_ament_install'
[0.321s] Level 1:colcon.colcon_core.package_identification:_identify(src/urdf) by extensions ['colcon_pkg']
[0.321s] Level 1:colcon.colcon_core.package_identification:_identify(src/urdf) by extension 'colcon_pkg'
[0.321s] Level 1:colcon.colcon_core.package_identification:_identify(src/urdf) by extensions ['colcon_meta']
[0.321s] Level 1:colcon.colcon_core.package_identification:_identify(src/urdf) by extension 'colcon_meta'
[0.321s] Level 1:colcon.colcon_core.package_identification:_identify(src/urdf) by extensions ['ros']
[0.321s] Level 1:colcon.colcon_core.package_identification:_identify(src/urdf) by extension 'ros'
[0.322s] DEBUG:colcon.colcon_core.package_identification:Package 'src/urdf' with type 'ros.ament_cmake' and name 'urdf_tutorial'
[0.322s] Level 1:colcon.colcon_core.package_discovery:discover_packages(recursive) using defaults
[0.322s] Level 1:colcon.colcon_core.package_discovery:discover_packages(ignore) discover
[0.322s] Level 1:colcon.colcon_core.package_discovery:discover_packages(ignore) using defaults
[0.322s] Level 1:colcon.colcon_core.package_discovery:discover_packages(path) discover
[0.322s] Level 1:colcon.colcon_core.package_discovery:discover_packages(path) using defaults
[0.349s] Level 1:colcon.colcon_core.package_discovery:discover_packages(prefix_path) check parameters
[0.349s] Level 1:colcon.colcon_core.package_discovery:discover_packages(prefix_path) discover
[0.358s] DEBUG:colcon.colcon_installed_package_information.package_discovery:Found 51 installed packages in /home/son6966/ws_moveit2/install
[0.359s] DEBUG:colcon.colcon_installed_package_information.package_discovery:Found 59 installed packages in /home/son6966/ros2_ws/install
[0.364s] DEBUG:colcon.colcon_installed_package_information.package_discovery:Found 345 installed packages in /home/son6966/ros2_humble/install
[0.366s] DEBUG:colcon.colcon_installed_package_information.package_discovery:Found 196 installed packages in /opt/ros/humble
[0.369s] Level 1:colcon.colcon_core.package_discovery:discover_packages(prefix_path) using defaults
[0.401s] Level 5:colcon.colcon_core.verb:set package 'urdf_tutorial' build argument 'cmake_args' from command line to 'None'
[0.401s] Level 5:colcon.colcon_core.verb:set package 'urdf_tutorial' build argument 'cmake_target' from command line to 'None'
[0.401s] Level 5:colcon.colcon_core.verb:set package 'urdf_tutorial' build argument 'cmake_target_skip_unavailable' from command line to 'False'
[0.401s] Level 5:colcon.colcon_core.verb:set package 'urdf_tutorial' build argument 'cmake_clean_cache' from command line to 'False'
[0.401s] Level 5:colcon.colcon_core.verb:set package 'urdf_tutorial' build argument 'cmake_clean_first' from command line to 'False'
[0.401s] Level 5:colcon.colcon_core.verb:set package 'urdf_tutorial' build argument 'cmake_force_configure' from command line to 'False'
[0.401s] Level 5:colcon.colcon_core.verb:set package 'urdf_tutorial' build argument 'ament_cmake_args' from command line to 'None'
[0.401s] Level 5:colcon.colcon_core.verb:set package 'urdf_tutorial' build argument 'catkin_cmake_args' from command line to 'None'
[0.401s] Level 5:colcon.colcon_core.verb:set package 'urdf_tutorial' build argument 'catkin_skip_building_tests' from command line to 'False'
[0.401s] DEBUG:colcon.colcon_core.verb:Building package 'urdf_tutorial' with the following arguments: {'ament_cmake_args': None, 'build_base': '/home/son6966/Desktop/AML/Ros2_tutorial/URDF_tutorial/build/urdf_tutorial', 'catkin_cmake_args': None, 'catkin_skip_building_tests': False, 'cmake_args': None, 'cmake_clean_cache': False, 'cmake_clean_first': False, 'cmake_force_configure': False, 'cmake_target': None, 'cmake_target_skip_unavailable': False, 'install_base': '/home/son6966/Desktop/AML/Ros2_tutorial/URDF_tutorial/install/urdf_tutorial', 'merge_install': False, 'path': '/home/son6966/Desktop/AML/Ros2_tutorial/URDF_tutorial/src/urdf', 'symlink_install': False, 'test_result_base': None}
[0.401s] INFO:colcon.colcon_core.executor:Executing jobs using 'parallel' executor
[0.402s] DEBUG:colcon.colcon_parallel_executor.executor.parallel:run_until_complete
[0.402s] INFO:colcon.colcon_ros.task.ament_cmake.build:Building ROS package in '/home/son6966/Desktop/AML/Ros2_tutorial/URDF_tutorial/src/urdf' with build type 'ament_cmake'
[0.402s] INFO:colcon.colcon_cmake.task.cmake.build:Building CMake package in '/home/son6966/Desktop/AML/Ros2_tutorial/URDF_tutorial/src/urdf'
[0.407s] INFO:colcon.colcon_core.plugin_system:Skipping extension 'colcon_core.shell.bat': Not used on non-Windows systems
[0.407s] INFO:colcon.colcon_core.shell:Skip shell extension 'powershell' for command environment: Not usable outside of PowerShell
[0.407s] DEBUG:colcon.colcon_core.shell:Skip shell extension 'dsv' for command environment
[0.436s] DEBUG:colcon.colcon_core.event_handler.log_command:Invoking command in '/home/son6966/Desktop/AML/Ros2_tutorial/URDF_tutorial/build/urdf_tutorial': CMAKE_PREFIX_PATH=${CMAKE_PREFIX_PATH}:/home/son6966/ws_moveit2/install/generate_parameter_module_example:/home/son6966/ws_moveit2/install/moveit_configs_utils:/home/son6966/ws_moveit2/install/generate_parameter_library_py:/home/son6966/ros2_ws/install/rqt_joint_trajectory_controller:/home/son6966/ros2_ws/install/rqt_controller_manager:/home/son6966/ros2_ws/install/ros2controlcli:/home/son6966/ros2_ws/install/ros2_controllers_test_nodes:/home/son6966/ros2_ws/install/ros2_control_demo_testing:/opt/ros/humble:/home/son6966/ros2_humble/install/rqt_bag_plugins:/home/son6966/ros2_humble/install/rqt_bag:/home/son6966/ros2_humble/install/ros2bag:/home/son6966/ros2_humble/install/tracetools_test:/home/son6966/ros2_humble/install/tracetools_launch:/home/son6966/ros2_humble/install/topic_monitor:/home/son6966/ros2_humble/install/tf2_tools:/home/son6966/ros2_humble/install/examples_tf2_py:/home/son6966/ros2_humble/install/tf2_ros_py:/home/son6966/ros2_humble/install/sros2:/home/son6966/ros2_humble/install/rqt_topic:/home/son6966/ros2_humble/install/rqt_srv:/home/son6966/ros2_humble/install/rqt_shell:/home/son6966/ros2_humble/install/rqt_service_caller:/home/son6966/ros2_humble/install/rqt_reconfigure:/home/son6966/ros2_humble/install/rqt_py_console:/home/son6966/ros2_humble/install/rqt_publisher:/home/son6966/ros2_humble/install/rqt_plot:/home/son6966/ros2_humble/install/rqt_action:/home/son6966/ros2_humble/install/rqt_msg:/home/son6966/ros2_humble/install/rqt_console:/home/son6966/ros2_humble/install/rqt:/home/son6966/ros2_humble/install/rqt_graph:/home/son6966/ros2_humble/install/rqt_gui_py:/home/son6966/ros2_humble/install/rqt_gui:/home/son6966/ros2_humble/install/ros2trace:/home/son6966/ros2_humble/install/ros2topic:/home/son6966/ros2_humble/install/ros2test:/home/son6966/ros2_humble/install/ros2component:/home/son6966/ros2_humble/install/ros2param:/home/son6966/ros2_humble/install/ros2lifecycle:/home/son6966/ros2_humble/install/ros2service:/home/son6966/ros2_humble/install/ros2run:/home/son6966/ros2_humble/install/ros2launch:/home/son6966/ros2_humble/install/ros2pkg:/home/son6966/ros2_humble/install/ros2node:/home/son6966/ros2_humble/install/ros2multicast:/home/son6966/ros2_humble/install/ros2interface:/home/son6966/ros2_humble/install/ros2doctor:/home/son6966/ros2_humble/install/ros2action:/home/son6966/ros2_humble/install/ros2cli:/home/son6966/ros2_humble/install/quality_of_service_demo_py:/home/son6966/ros2_humble/install/lifecycle_py:/home/son6966/ros2_humble/install/launch_testing_ros:/home/son6966/ros2_humble/install/launch_ros:/home/son6966/ros2_humble/install/examples_rclpy_pointcloud_publisher:/home/son6966/ros2_humble/install/examples_rclpy_minimal_subscriber:/home/son6966/ros2_humble/install/examples_rclpy_minimal_service:/home/son6966/ros2_humble/install/examples_rclpy_minimal_publisher:/home/son6966/ros2_humble/install/examples_rclpy_minimal_client:/home/son6966/ros2_humble/install/examples_rclpy_minimal_action_server:/home/son6966/ros2_humble/install/examples_rclpy_minimal_action_client:/home/son6966/ros2_humble/install/examples_rclpy_guard_conditions:/home/son6966/ros2_humble/install/examples_rclpy_executors:/home/son6966/ros2_humble/install/demo_nodes_py:/home/son6966/ros2_humble/install/action_tutorials_py:/home/son6966/ros2_humble/install/ament_uncrustify:/home/son6966/ros2_humble/install/tracetools_trace:/home/son6966/ros2_humble/install/tracetools_read:/home/son6966/ros2_humble/install/test_tracetools_launch:/home/son6966/ros2_humble/install/test_launch_ros:/home/son6966/ros2_humble/install/sensor_msgs_py:/home/son6966/ros2_humble/install/rpyutils:/home/son6966/ros2_humble/install/rosidl_runtime_py:/home/son6966/ros2_humble/install/rosidl_cli:/home/son6966/ros2_humble/install/launch_pytest:/home/son6966/ros2_humble/install/launch_testing:/home/son6966/ros2_humble/install/launch_yaml:/home/son6966/ros2_humble/install/launch_xml:/home/son6966/ros2_humble/install/launch:/home/son6966/ros2_humble/install/osrf_pycommon:/home/son6966/ros2_humble/install/launch_testing_examples:/home/son6966/ros2_humble/install/domain_coordinator:/home/son6966/ros2_humble/install/ament_xmllint:/home/son6966/ros2_humble/install/ament_pyflakes:/home/son6966/ros2_humble/install/ament_pycodestyle:/home/son6966/ros2_humble/install/ament_pep257:/home/son6966/ros2_humble/install/ament_pclint:/home/son6966/ros2_humble/install/ament_package:/home/son6966/ros2_humble/install/ament_mypy:/home/son6966/ros2_humble/install/ament_lint_cmake:/home/son6966/ros2_humble/install/ament_flake8:/home/son6966/ros2_humble/install/ament_copyright:/home/son6966/ros2_humble/install/ament_lint:/home/son6966/ros2_humble/install/ament_index_python:/home/son6966/ros2_humble/install/ament_cpplint:/home/son6966/ros2_humble/install/ament_cppcheck:/home/son6966/ros2_humble/install/ament_clang_tidy:/home/son6966/ros2_humble/install/ament_clang_format /usr/bin/cmake --build /home/son6966/Desktop/AML/Ros2_tutorial/URDF_tutorial/build/urdf_tutorial -- -j14 -l14
[0.517s] DEBUG:colcon.colcon_core.event_handler.log_command:Invoked command in '/home/son6966/Desktop/AML/Ros2_tutorial/URDF_tutorial/build/urdf_tutorial' returned '0': CMAKE_PREFIX_PATH=${CMAKE_PREFIX_PATH}:/home/son6966/ws_moveit2/install/generate_parameter_module_example:/home/son6966/ws_moveit2/install/moveit_configs_utils:/home/son6966/ws_moveit2/install/generate_parameter_library_py:/home/son6966/ros2_ws/install/rqt_joint_trajectory_controller:/home/son6966/ros2_ws/install/rqt_controller_manager:/home/son6966/ros2_ws/install/ros2controlcli:/home/son6966/ros2_ws/install/ros2_controllers_test_nodes:/home/son6966/ros2_ws/install/ros2_control_demo_testing:/opt/ros/humble:/home/son6966/ros2_humble/install/rqt_bag_plugins:/home/son6966/ros2_humble/install/rqt_bag:/home/son6966/ros2_humble/install/ros2bag:/home/son6966/ros2_humble/install/tracetools_test:/home/son6966/ros2_humble/install/tracetools_launch:/home/son6966/ros2_humble/install/topic_monitor:/home/son6966/ros2_humble/install/tf2_tools:/home/son6966/ros2_humble/install/examples_tf2_py:/home/son6966/ros2_humble/install/tf2_ros_py:/home/son6966/ros2_humble/install/sros2:/home/son6966/ros2_humble/install/rqt_topic:/home/son6966/ros2_humble/install/rqt_srv:/home/son6966/ros2_humble/install/rqt_shell:/home/son6966/ros2_humble/install/rqt_service_caller:/home/son6966/ros2_humble/install/rqt_reconfigure:/home/son6966/ros2_humble/install/rqt_py_console:/home/son6966/ros2_humble/install/rqt_publisher:/home/son6966/ros2_humble/install/rqt_plot:/home/son6966/ros2_humble/install/rqt_action:/home/son6966/ros2_humble/install/rqt_msg:/home/son6966/ros2_humble/install/rqt_console:/home/son6966/ros2_humble/install/rqt:/home/son6966/ros2_humble/install/rqt_graph:/home/son6966/ros2_humble/install/rqt_gui_py:/home/son6966/ros2_humble/install/rqt_gui:/home/son6966/ros2_humble/install/ros2trace:/home/son6966/ros2_humble/install/ros2topic:/home/son6966/ros2_humble/install/ros2test:/home/son6966/ros2_humble/install/ros2component:/home/son6966/ros2_humble/install/ros2param:/home/son6966/ros2_humble/install/ros2lifecycle:/home/son6966/ros2_humble/install/ros2service:/home/son6966/ros2_humble/install/ros2run:/home/son6966/ros2_humble/install/ros2launch:/home/son6966/ros2_humble/install/ros2pkg:/home/son6966/ros2_humble/install/ros2node:/home/son6966/ros2_humble/install/ros2multicast:/home/son6966/ros2_humble/install/ros2interface:/home/son6966/ros2_humble/install/ros2doctor:/home/son6966/ros2_humble/install/ros2action:/home/son6966/ros2_humble/install/ros2cli:/home/son6966/ros2_humble/install/quality_of_service_demo_py:/home/son6966/ros2_humble/install/lifecycle_py:/home/son6966/ros2_humble/install/launch_testing_ros:/home/son6966/ros2_humble/install/launch_ros:/home/son6966/ros2_humble/install/examples_rclpy_pointcloud_publisher:/home/son6966/ros2_humble/install/examples_rclpy_minimal_subscriber:/home/son6966/ros2_humble/install/examples_rclpy_minimal_service:/home/son6966/ros2_humble/install/examples_rclpy_minimal_publisher:/home/son6966/ros2_humble/install/examples_rclpy_minimal_client:/home/son6966/ros2_humble/install/examples_rclpy_minimal_action_server:/home/son6966/ros2_humble/install/examples_rclpy_minimal_action_client:/home/son6966/ros2_humble/install/examples_rclpy_guard_conditions:/home/son6966/ros2_humble/install/examples_rclpy_executors:/home/son6966/ros2_humble/install/demo_nodes_py:/home/son6966/ros2_humble/install/action_tutorials_py:/home/son6966/ros2_humble/install/ament_uncrustify:/home/son6966/ros2_humble/install/tracetools_trace:/home/son6966/ros2_humble/install/tracetools_read:/home/son6966/ros2_humble/install/test_tracetools_launch:/home/son6966/ros2_humble/install/test_launch_ros:/home/son6966/ros2_humble/install/sensor_msgs_py:/home/son6966/ros2_humble/install/rpyutils:/home/son6966/ros2_humble/install/rosidl_runtime_py:/home/son6966/ros2_humble/install/rosidl_cli:/home/son6966/ros2_humble/install/launch_pytest:/home/son6966/ros2_humble/install/launch_testing:/home/son6966/ros2_humble/install/launch_yaml:/home/son6966/ros2_humble/install/launch_xml:/home/son6966/ros2_humble/install/launch:/home/son6966/ros2_humble/install/osrf_pycommon:/home/son6966/ros2_humble/install/launch_testing_examples:/home/son6966/ros2_humble/install/domain_coordinator:/home/son6966/ros2_humble/install/ament_xmllint:/home/son6966/ros2_humble/install/ament_pyflakes:/home/son6966/ros2_humble/install/ament_pycodestyle:/home/son6966/ros2_humble/install/ament_pep257:/home/son6966/ros2_humble/install/ament_pclint:/home/son6966/ros2_humble/install/ament_package:/home/son6966/ros2_humble/install/ament_mypy:/home/son6966/ros2_humble/install/ament_lint_cmake:/home/son6966/ros2_humble/install/ament_flake8:/home/son6966/ros2_humble/install/ament_copyright:/home/son6966/ros2_humble/install/ament_lint:/home/son6966/ros2_humble/install/ament_index_python:/home/son6966/ros2_humble/install/ament_cpplint:/home/son6966/ros2_humble/install/ament_cppcheck:/home/son6966/ros2_humble/install/ament_clang_tidy:/home/son6966/ros2_humble/install/ament_clang_format /usr/bin/cmake --build /home/son6966/Desktop/AML/Ros2_tutorial/URDF_tutorial/build/urdf_tutorial -- -j14 -l14
[0.597s] DEBUG:colcon.colcon_core.event_handler.log_command:Invoking command in '/home/son6966/Desktop/AML/Ros2_tutorial/URDF_tutorial/build/urdf_tutorial': CMAKE_PREFIX_PATH=${CMAKE_PREFIX_PATH}:/home/son6966/ws_moveit2/install/generate_parameter_module_example:/home/son6966/ws_moveit2/install/moveit_configs_utils:/home/son6966/ws_moveit2/install/generate_parameter_library_py:/home/son6966/ros2_ws/install/rqt_joint_trajectory_controller:/home/son6966/ros2_ws/install/rqt_controller_manager:/home/son6966/ros2_ws/install/ros2controlcli:/home/son6966/ros2_ws/install/ros2_controllers_test_nodes:/home/son6966/ros2_ws/install/ros2_control_demo_testing:/opt/ros/humble:/home/son6966/ros2_humble/install/rqt_bag_plugins:/home/son6966/ros2_humble/install/rqt_bag:/home/son6966/ros2_humble/install/ros2bag:/home/son6966/ros2_humble/install/tracetools_test:/home/son6966/ros2_humble/install/tracetools_launch:/home/son6966/ros2_humble/install/topic_monitor:/home/son6966/ros2_humble/install/tf2_tools:/home/son6966/ros2_humble/install/examples_tf2_py:/home/son6966/ros2_humble/install/tf2_ros_py:/home/son6966/ros2_humble/install/sros2:/home/son6966/ros2_humble/install/rqt_topic:/home/son6966/ros2_humble/install/rqt_srv:/home/son6966/ros2_humble/install/rqt_shell:/home/son6966/ros2_humble/install/rqt_service_caller:/home/son6966/ros2_humble/install/rqt_reconfigure:/home/son6966/ros2_humble/install/rqt_py_console:/home/son6966/ros2_humble/install/rqt_publisher:/home/son6966/ros2_humble/install/rqt_plot:/home/son6966/ros2_humble/install/rqt_action:/home/son6966/ros2_humble/install/rqt_msg:/home/son6966/ros2_humble/install/rqt_console:/home/son6966/ros2_humble/install/rqt:/home/son6966/ros2_humble/install/rqt_graph:/home/son6966/ros2_humble/install/rqt_gui_py:/home/son6966/ros2_humble/install/rqt_gui:/home/son6966/ros2_humble/install/ros2trace:/home/son6966/ros2_humble/install/ros2topic:/home/son6966/ros2_humble/install/ros2test:/home/son6966/ros2_humble/install/ros2component:/home/son6966/ros2_humble/install/ros2param:/home/son6966/ros2_humble/install/ros2lifecycle:/home/son6966/ros2_humble/install/ros2service:/home/son6966/ros2_humble/install/ros2run:/home/son6966/ros2_humble/install/ros2launch:/home/son6966/ros2_humble/install/ros2pkg:/home/son6966/ros2_humble/install/ros2node:/home/son6966/ros2_humble/install/ros2multicast:/home/son6966/ros2_humble/install/ros2interface:/home/son6966/ros2_humble/install/ros2doctor:/home/son6966/ros2_humble/install/ros2action:/home/son6966/ros2_humble/install/ros2cli:/home/son6966/ros2_humble/install/quality_of_service_demo_py:/home/son6966/ros2_humble/install/lifecycle_py:/home/son6966/ros2_humble/install/launch_testing_ros:/home/son6966/ros2_humble/install/launch_ros:/home/son6966/ros2_humble/install/examples_rclpy_pointcloud_publisher:/home/son6966/ros2_humble/install/examples_rclpy_minimal_subscriber:/home/son6966/ros2_humble/install/examples_rclpy_minimal_service:/home/son6966/ros2_humble/install/examples_rclpy_minimal_publisher:/home/son6966/ros2_humble/install/examples_rclpy_minimal_client:/home/son6966/ros2_humble/install/examples_rclpy_minimal_action_server:/home/son6966/ros2_humble/install/examples_rclpy_minimal_action_client:/home/son6966/ros2_humble/install/examples_rclpy_guard_conditions:/home/son6966/ros2_humble/install/examples_rclpy_executors:/home/son6966/ros2_humble/install/demo_nodes_py:/home/son6966/ros2_humble/install/action_tutorials_py:/home/son6966/ros2_humble/install/ament_uncrustify:/home/son6966/ros2_humble/install/tracetools_trace:/home/son6966/ros2_humble/install/tracetools_read:/home/son6966/ros2_humble/install/test_tracetools_launch:/home/son6966/ros2_humble/install/test_launch_ros:/home/son6966/ros2_humble/install/sensor_msgs_py:/home/son6966/ros2_humble/install/rpyutils:/home/son6966/ros2_humble/install/rosidl_runtime_py:/home/son6966/ros2_humble/install/rosidl_cli:/home/son6966/ros2_humble/install/launch_pytest:/home/son6966/ros2_humble/install/launch_testing:/home/son6966/ros2_humble/install/launch_yaml:/home/son6966/ros2_humble/install/launch_xml:/home/son6966/ros2_humble/install/launch:/home/son6966/ros2_humble/install/osrf_pycommon:/home/son6966/ros2_humble/install/launch_testing_examples:/home/son6966/ros2_humble/install/domain_coordinator:/home/son6966/ros2_humble/install/ament_xmllint:/home/son6966/ros2_humble/install/ament_pyflakes:/home/son6966/ros2_humble/install/ament_pycodestyle:/home/son6966/ros2_humble/install/ament_pep257:/home/son6966/ros2_humble/install/ament_pclint:/home/son6966/ros2_humble/install/ament_package:/home/son6966/ros2_humble/install/ament_mypy:/home/son6966/ros2_humble/install/ament_lint_cmake:/home/son6966/ros2_humble/install/ament_flake8:/home/son6966/ros2_humble/install/ament_copyright:/home/son6966/ros2_humble/install/ament_lint:/home/son6966/ros2_humble/install/ament_index_python:/home/son6966/ros2_humble/install/ament_cpplint:/home/son6966/ros2_humble/install/ament_cppcheck:/home/son6966/ros2_humble/install/ament_clang_tidy:/home/son6966/ros2_humble/install/ament_clang_format /usr/bin/cmake --install /home/son6966/Desktop/AML/Ros2_tutorial/URDF_tutorial/build/urdf_tutorial
[0.614s] Level 1:colcon.colcon_core.environment:create_environment_scripts_only(urdf_tutorial)
[0.616s] DEBUG:colcon.colcon_core.event_handler.log_command:Invoked command in '/home/son6966/Desktop/AML/Ros2_tutorial/URDF_tutorial/build/urdf_tutorial' returned '0': CMAKE_PREFIX_PATH=${CMAKE_PREFIX_PATH}:/home/son6966/ws_moveit2/install/generate_parameter_module_example:/home/son6966/ws_moveit2/install/moveit_configs_utils:/home/son6966/ws_moveit2/install/generate_parameter_library_py:/home/son6966/ros2_ws/install/rqt_joint_trajectory_controller:/home/son6966/ros2_ws/install/rqt_controller_manager:/home/son6966/ros2_ws/install/ros2controlcli:/home/son6966/ros2_ws/install/ros2_controllers_test_nodes:/home/son6966/ros2_ws/install/ros2_control_demo_testing:/opt/ros/humble:/home/son6966/ros2_humble/install/rqt_bag_plugins:/home/son6966/ros2_humble/install/rqt_bag:/home/son6966/ros2_humble/install/ros2bag:/home/son6966/ros2_humble/install/tracetools_test:/home/son6966/ros2_humble/install/tracetools_launch:/home/son6966/ros2_humble/install/topic_monitor:/home/son6966/ros2_humble/install/tf2_tools:/home/son6966/ros2_humble/install/examples_tf2_py:/home/son6966/ros2_humble/install/tf2_ros_py:/home/son6966/ros2_humble/install/sros2:/home/son6966/ros2_humble/install/rqt_topic:/home/son6966/ros2_humble/install/rqt_srv:/home/son6966/ros2_humble/install/rqt_shell:/home/son6966/ros2_humble/install/rqt_service_caller:/home/son6966/ros2_humble/install/rqt_reconfigure:/home/son6966/ros2_humble/install/rqt_py_console:/home/son6966/ros2_humble/install/rqt_publisher:/home/son6966/ros2_humble/install/rqt_plot:/home/son6966/ros2_humble/install/rqt_action:/home/son6966/ros2_humble/install/rqt_msg:/home/son6966/ros2_humble/install/rqt_console:/home/son6966/ros2_humble/install/rqt:/home/son6966/ros2_humble/install/rqt_graph:/home/son6966/ros2_humble/install/rqt_gui_py:/home/son6966/ros2_humble/install/rqt_gui:/home/son6966/ros2_humble/install/ros2trace:/home/son6966/ros2_humble/install/ros2topic:/home/son6966/ros2_humble/install/ros2test:/home/son6966/ros2_humble/install/ros2component:/home/son6966/ros2_humble/install/ros2param:/home/son6966/ros2_humble/install/ros2lifecycle:/home/son6966/ros2_humble/install/ros2service:/home/son6966/ros2_humble/install/ros2run:/home/son6966/ros2_humble/install/ros2launch:/home/son6966/ros2_humble/install/ros2pkg:/home/son6966/ros2_humble/install/ros2node:/home/son6966/ros2_humble/install/ros2multicast:/home/son6966/ros2_humble/install/ros2interface:/home/son6966/ros2_humble/install/ros2doctor:/home/son6966/ros2_humble/install/ros2action:/home/son6966/ros2_humble/install/ros2cli:/home/son6966/ros2_humble/install/quality_of_service_demo_py:/home/son6966/ros2_humble/install/lifecycle_py:/home/son6966/ros2_humble/install/launch_testing_ros:/home/son6966/ros2_humble/install/launch_ros:/home/son6966/ros2_humble/install/examples_rclpy_pointcloud_publisher:/home/son6966/ros2_humble/install/examples_rclpy_minimal_subscriber:/home/son6966/ros2_humble/install/examples_rclpy_minimal_service:/home/son6966/ros2_humble/install/examples_rclpy_minimal_publisher:/home/son6966/ros2_humble/install/examples_rclpy_minimal_client:/home/son6966/ros2_humble/install/examples_rclpy_minimal_action_server:/home/son6966/ros2_humble/install/examples_rclpy_minimal_action_client:/home/son6966/ros2_humble/install/examples_rclpy_guard_conditions:/home/son6966/ros2_humble/install/examples_rclpy_executors:/home/son6966/ros2_humble/install/demo_nodes_py:/home/son6966/ros2_humble/install/action_tutorials_py:/home/son6966/ros2_humble/install/ament_uncrustify:/home/son6966/ros2_humble/install/tracetools_trace:/home/son6966/ros2_humble/install/tracetools_read:/home/son6966/ros2_humble/install/test_tracetools_launch:/home/son6966/ros2_humble/install/test_launch_ros:/home/son6966/ros2_humble/install/sensor_msgs_py:/home/son6966/ros2_humble/install/rpyutils:/home/son6966/ros2_humble/install/rosidl_runtime_py:/home/son6966/ros2_humble/install/rosidl_cli:/home/son6966/ros2_humble/install/launch_pytest:/home/son6966/ros2_humble/install/launch_testing:/home/son6966/ros2_humble/install/launch_yaml:/home/son6966/ros2_humble/install/launch_xml:/home/son6966/ros2_humble/install/launch:/home/son6966/ros2_humble/install/osrf_pycommon:/home/son6966/ros2_humble/install/launch_testing_examples:/home/son6966/ros2_humble/install/domain_coordinator:/home/son6966/ros2_humble/install/ament_xmllint:/home/son6966/ros2_humble/install/ament_pyflakes:/home/son6966/ros2_humble/install/ament_pycodestyle:/home/son6966/ros2_humble/install/ament_pep257:/home/son6966/ros2_humble/install/ament_pclint:/home/son6966/ros2_humble/install/ament_package:/home/son6966/ros2_humble/install/ament_mypy:/home/son6966/ros2_humble/install/ament_lint_cmake:/home/son6966/ros2_humble/install/ament_flake8:/home/son6966/ros2_humble/install/ament_copyright:/home/son6966/ros2_humble/install/ament_lint:/home/son6966/ros2_humble/install/ament_index_python:/home/son6966/ros2_humble/install/ament_cpplint:/home/son6966/ros2_humble/install/ament_cppcheck:/home/son6966/ros2_humble/install/ament_clang_tidy:/home/son6966/ros2_humble/install/ament_clang_format /usr/bin/cmake --install /home/son6966/Desktop/AML/Ros2_tutorial/URDF_tutorial/build/urdf_tutorial
[0.620s] Level 1:colcon.colcon_core.environment:checking '/home/son6966/Desktop/AML/Ros2_tutorial/URDF_tutorial/install/urdf_tutorial' for CMake module files
[0.621s] Level 1:colcon.colcon_core.environment:checking '/home/son6966/Desktop/AML/Ros2_tutorial/URDF_tutorial/install/urdf_tutorial' for CMake config files
[0.621s] Level 1:colcon.colcon_core.shell:create_environment_hook('urdf_tutorial', 'cmake_prefix_path')
[0.621s] INFO:colcon.colcon_core.shell:Creating environment hook '/home/son6966/Desktop/AML/Ros2_tutorial/URDF_tutorial/install/urdf_tutorial/share/urdf_tutorial/hook/cmake_prefix_path.ps1'
[0.622s] INFO:colcon.colcon_core.shell:Creating environment descriptor '/home/son6966/Desktop/AML/Ros2_tutorial/URDF_tutorial/install/urdf_tutorial/share/urdf_tutorial/hook/cmake_prefix_path.dsv'
[0.622s] INFO:colcon.colcon_core.shell:Creating environment hook '/home/son6966/Desktop/AML/Ros2_tutorial/URDF_tutorial/install/urdf_tutorial/share/urdf_tutorial/hook/cmake_prefix_path.sh'
[0.623s] Level 1:colcon.colcon_core.environment:checking '/home/son6966/Desktop/AML/Ros2_tutorial/URDF_tutorial/install/urdf_tutorial/bin'
[0.623s] Level 1:colcon.colcon_core.environment:checking '/home/son6966/Desktop/AML/Ros2_tutorial/URDF_tutorial/install/urdf_tutorial/lib/pkgconfig/urdf_tutorial.pc'
[0.623s] Level 1:colcon.colcon_core.environment:checking '/home/son6966/Desktop/AML/Ros2_tutorial/URDF_tutorial/install/urdf_tutorial/lib/python3.10/site-packages'
[0.623s] Level 1:colcon.colcon_core.environment:checking '/home/son6966/Desktop/AML/Ros2_tutorial/URDF_tutorial/install/urdf_tutorial/bin'
[0.623s] INFO:colcon.colcon_core.shell:Creating package script '/home/son6966/Desktop/AML/Ros2_tutorial/URDF_tutorial/install/urdf_tutorial/share/urdf_tutorial/package.ps1'
[0.624s] INFO:colcon.colcon_core.shell:Creating package descriptor '/home/son6966/Desktop/AML/Ros2_tutorial/URDF_tutorial/install/urdf_tutorial/share/urdf_tutorial/package.dsv'
[0.624s] INFO:colcon.colcon_core.shell:Creating package script '/home/son6966/Desktop/AML/Ros2_tutorial/URDF_tutorial/install/urdf_tutorial/share/urdf_tutorial/package.sh'
[0.624s] INFO:colcon.colcon_core.shell:Creating package script '/home/son6966/Desktop/AML/Ros2_tutorial/URDF_tutorial/install/urdf_tutorial/share/urdf_tutorial/package.bash'
[0.625s] INFO:colcon.colcon_core.shell:Creating package script '/home/son6966/Desktop/AML/Ros2_tutorial/URDF_tutorial/install/urdf_tutorial/share/urdf_tutorial/package.zsh'
[0.625s] Level 1:colcon.colcon_core.environment:create_file_with_runtime_dependencies(/home/son6966/Desktop/AML/Ros2_tutorial/URDF_tutorial/install/urdf_tutorial/share/colcon-core/packages/urdf_tutorial)
[0.686s] Level 1:colcon.colcon_core.environment:create_environment_scripts_only(urdf_tutorial)
[0.687s] Level 1:colcon.colcon_core.environment:checking '/home/son6966/Desktop/AML/Ros2_tutorial/URDF_tutorial/install/urdf_tutorial' for CMake module files
[0.688s] Level 1:colcon.colcon_core.environment:checking '/home/son6966/Desktop/AML/Ros2_tutorial/URDF_tutorial/install/urdf_tutorial' for CMake config files
[0.688s] Level 1:colcon.colcon_core.shell:create_environment_hook('urdf_tutorial', 'cmake_prefix_path')
[0.688s] INFO:colcon.colcon_core.shell:Creating environment hook '/home/son6966/Desktop/AML/Ros2_tutorial/URDF_tutorial/install/urdf_tutorial/share/urdf_tutorial/hook/cmake_prefix_path.ps1'
[0.688s] INFO:colcon.colcon_core.shell:Creating environment descriptor '/home/son6966/Desktop/AML/Ros2_tutorial/URDF_tutorial/install/urdf_tutorial/share/urdf_tutorial/hook/cmake_prefix_path.dsv'
[0.689s] INFO:colcon.colcon_core.shell:Creating environment hook '/home/son6966/Desktop/AML/Ros2_tutorial/URDF_tutorial/install/urdf_tutorial/share/urdf_tutorial/hook/cmake_prefix_path.sh'
[0.689s] Level 1:colcon.colcon_core.environment:checking '/home/son6966/Desktop/AML/Ros2_tutorial/URDF_tutorial/install/urdf_tutorial/bin'
[0.689s] Level 1:colcon.colcon_core.environment:checking '/home/son6966/Desktop/AML/Ros2_tutorial/URDF_tutorial/install/urdf_tutorial/lib/pkgconfig/urdf_tutorial.pc'
[0.690s] Level 1:colcon.colcon_core.environment:checking '/home/son6966/Desktop/AML/Ros2_tutorial/URDF_tutorial/install/urdf_tutorial/lib/python3.10/site-packages'
[0.690s] Level 1:colcon.colcon_core.environment:checking '/home/son6966/Desktop/AML/Ros2_tutorial/URDF_tutorial/install/urdf_tutorial/bin'
[0.690s] INFO:colcon.colcon_core.shell:Creating package script '/home/son6966/Desktop/AML/Ros2_tutorial/URDF_tutorial/install/urdf_tutorial/share/urdf_tutorial/package.ps1'
[0.690s] INFO:colcon.colcon_core.shell:Creating package descriptor '/home/son6966/Desktop/AML/Ros2_tutorial/URDF_tutorial/install/urdf_tutorial/share/urdf_tutorial/package.dsv'
[0.691s] INFO:colcon.colcon_core.shell:Creating package script '/home/son6966/Desktop/AML/Ros2_tutorial/URDF_tutorial/install/urdf_tutorial/share/urdf_tutorial/package.sh'
[0.691s] INFO:colcon.colcon_core.shell:Creating package script '/home/son6966/Desktop/AML/Ros2_tutorial/URDF_tutorial/install/urdf_tutorial/share/urdf_tutorial/package.bash'
[0.692s] INFO:colcon.colcon_core.shell:Creating package script '/home/son6966/Desktop/AML/Ros2_tutorial/URDF_tutorial/install/urdf_tutorial/share/urdf_tutorial/package.zsh'
[0.692s] Level 1:colcon.colcon_core.environment:create_file_with_runtime_dependencies(/home/son6966/Desktop/AML/Ros2_tutorial/URDF_tutorial/install/urdf_tutorial/share/colcon-core/packages/urdf_tutorial)
[0.692s] DEBUG:colcon.colcon_parallel_executor.executor.parallel:closing loop
[0.692s] DEBUG:colcon.colcon_parallel_executor.executor.parallel:loop closed
[0.693s] DEBUG:colcon.colcon_parallel_executor.executor.parallel:run_until_complete finished with '0'
[0.693s] DEBUG:colcon.colcon_core.event_reactor:joining thread
[0.702s] INFO:colcon.colcon_core.plugin_system:Skipping extension 'colcon_notification.desktop_notification.terminal_notifier': Not used on non-Darwin systems
[0.703s] INFO:colcon.colcon_core.plugin_system:Skipping extension 'colcon_notification.desktop_notification.win32': Not used on non-Windows systems
[0.703s] INFO:colcon.colcon_notification.desktop_notification:Sending desktop notification using 'notify2'
[0.711s] DEBUG:colcon.colcon_core.event_reactor:joined thread
[0.711s] INFO:colcon.colcon_core.shell:Creating prefix script '/home/son6966/Desktop/AML/Ros2_tutorial/URDF_tutorial/install/local_setup.ps1'
[0.712s] INFO:colcon.colcon_core.shell:Creating prefix util module '/home/son6966/Desktop/AML/Ros2_tutorial/URDF_tutorial/install/_local_setup_util_ps1.py'
[0.713s] INFO:colcon.colcon_core.shell:Creating prefix chain script '/home/son6966/Desktop/AML/Ros2_tutorial/URDF_tutorial/install/setup.ps1'
[0.726s] INFO:colcon.colcon_core.shell:Creating prefix script '/home/son6966/Desktop/AML/Ros2_tutorial/URDF_tutorial/install/local_setup.sh'
[0.728s] INFO:colcon.colcon_core.shell:Creating prefix util module '/home/son6966/Desktop/AML/Ros2_tutorial/URDF_tutorial/install/_local_setup_util_sh.py'
[0.728s] INFO:colcon.colcon_core.shell:Creating prefix chain script '/home/son6966/Desktop/AML/Ros2_tutorial/URDF_tutorial/install/setup.sh'
[0.740s] INFO:colcon.colcon_core.shell:Creating prefix script '/home/son6966/Desktop/AML/Ros2_tutorial/URDF_tutorial/install/local_setup.bash'
[0.741s] INFO:colcon.colcon_core.shell:Creating prefix chain script '/home/son6966/Desktop/AML/Ros2_tutorial/URDF_tutorial/install/setup.bash'
[0.751s] INFO:colcon.colcon_core.shell:Creating prefix script '/home/son6966/Desktop/AML/Ros2_tutorial/URDF_tutorial/install/local_setup.zsh'
[0.753s] INFO:colcon.colcon_core.shell:Creating prefix chain script '/home/son6966/Desktop/AML/Ros2_tutorial/URDF_tutorial/install/setup.zsh'
